2026-03-20 16:23:22,109 - __main__ - INFO - 
============================================================
2026-03-20 16:23:22,110 - __main__ - INFO - 🚀 GitHub Data Extraction Tool
2026-03-20 16:23:22,110 - __main__ - INFO - ============================================================
2026-03-20 16:23:22,110 - __main__ - WARNING - ⚠️  No token provided. Rate limit: 60 requests/hour
2026-03-20 16:23:22,110 - __main__ - INFO - 💡 Get a token at: https://github.com/settings/tokens
2026-03-20 16:23:22,110 - __main__ - INFO - ============================================================
2026-03-20 16:23:22,110 - __main__ - INFO - Starting extraction for 3 repositories
2026-03-20 16:23:22,110 - __main__ - INFO - ============================================================
2026-03-20 16:23:22,110 - __main__ - INFO - 
[1/3] Processing: octocat/Hello-World
2026-03-20 16:23:22,110 - __main__ - INFO - Fetching: octocat/Hello-World
2026-03-20 16:23:22,421 - __main__ - INFO -   ✓ Stars: 3536, Forks: 5913
2026-03-20 16:23:22,605 - __main__ - INFO -   ✓ Found 3 contributors
2026-03-20 16:23:22,605 - __main__ - INFO -   ✅ Successfully processed
2026-03-20 16:23:23,607 - __main__ - INFO - 
[2/3] Processing: torvalds/linux
2026-03-20 16:23:23,607 - __main__ - INFO - Fetching: torvalds/linux
2026-03-20 16:23:23,888 - __main__ - INFO -   ✓ Stars: 224203, Forks: 61086
2026-03-20 16:23:24,084 - __main__ - ERROR - Request failed: 403 Client Error: Forbidden for url: https://api.github.com/repos/torvalds/linux/contributors?per_page=10
2026-03-20 16:23:24,084 - __main__ - INFO -   ℹ No contributors data available
2026-03-20 16:23:24,084 - __main__ - INFO -   ✅ Successfully processed
2026-03-20 16:23:25,085 - __main__ - INFO - 
[3/3] Processing: python/cpython
2026-03-20 16:23:25,086 - __main__ - INFO - Fetching: python/cpython
2026-03-20 16:23:25,373 - __main__ - INFO -   ✓ Stars: 72050, Forks: 34268
2026-03-20 16:23:25,661 - __main__ - INFO -   ✓ Found 10 contributors
2026-03-20 16:23:25,661 - __main__ - INFO -   ✅ Successfully processed
2026-03-20 16:23:25,661 - __main__ - INFO - 
📊 Extraction Summary:
2026-03-20 16:23:25,661 - __main__ - INFO -   ✅ Successfully processed: 3 repositories
2026-03-20 16:23:25,661 - utils.data_validator - INFO - All data quality checks passed
2026-03-20 16:23:25,661 - __main__ - INFO -   ✅ Data validation passed
2026-03-20 16:23:25,661 - utils.data_validator - INFO - Data Quality Report: {'total_repositories': 3, 'repos_with_description': 3, 'repos_with_contributors': 2, 'total_contributors': 13, 'avg_stars': 99929.66666666667, 'avg_forks': 33755.666666666664}
2026-03-20 16:23:25,661 - __main__ - INFO - 
📈 Quality Report:
2026-03-20 16:23:25,662 - __main__ - INFO -   • Average stars: 99930
2026-03-20 16:23:25,662 - __main__ - INFO -   • Average forks: 33756
2026-03-20 16:23:25,662 - __main__ - INFO -   • Repos with description: 3/3
2026-03-20 16:23:25,662 - __main__ - INFO -   • Total contributors: 13
2026-03-20 16:23:25,662 - utils.s3_uploader - INFO - S3Uploader initialized in LOCAL mode (files saved to output/)
2026-03-20 16:23:25,662 - utils.s3_uploader - INFO - Data validation passed. 3 items ready for upload
2026-03-20 16:23:25,664 - utils.s3_uploader - INFO - ✅ Data saved locally to: output/github_repos_data_20260320_162325.json
2026-03-20 16:23:25,664 - utils.s3_uploader - INFO - 📊 File size: 35,238 bytes
2026-03-20 16:23:25,664 - __main__ - INFO - 
✅ Data successfully saved to output/
2026-03-20 16:23:25,664 - __main__ - INFO - 💡 Check the output directory for JSON files
2026-03-20 16:23:25,664 - __main__ - INFO - 
============================================================
2026-03-20 16:23:25,664 - __main__ - INFO - 🏁 Extraction completed!
2026-03-20 16:23:25,665 - __main__ - INFO - ============================================================
